# JRE version: OpenJDK Runtime Environment Microsoft-9388408 (17.0.11+9) (build 17.0.11+9-LTS)
# Java VM: OpenJDK 64-Bit Server VM Microsoft-9388408 (17.0.11+9-LTS, mixed mode, sharing, tiered, compressed oops, compressed class ptrs, g1 gc, windows-amd64)
GC Precious Log:
 CPUs: 4 total, 4 available
 Memory: 24471M
 Large Page Support: Disabled
 NUMA Support: Disabled
 Compressed Oops: Enabled (32-bit)
 Heap Region Size: 1M
 Heap Min Capacity: 8M
 Heap Initial Capacity: 384M
 Heap Max Capacity: 2G
 Pre-touch: Disabled
 Parallel Workers: 4
 Concurrent Workers: 1
 Concurrent Refinement Workers: 4
 Periodic GC: Disabled
Heap:
 garbage-first heap   total 455680K, used 335879K [0x0000000080000000, 0x0000000100000000)
  region size 1024K, 10 young (10240K), 6 survivors (6144K)
 Metaspace       used 114241K, committed 116160K, reserved 557056K
  class space    used 15918K, committed 16768K, reserved 425984K
GC Heap History (20 events):
Event: 92.799 GC heap before
{Heap before GC invocations=75 (full 0):
 garbage-first heap   total 455680K, used 368128K [0x0000000080000000, 0x0000000100000000)
  region size 1024K, 94 young (96256K), 12 survivors (12288K)
 Metaspace       used 112719K, committed 114432K, reserved 557056K
  class space    used 15762K, committed 16512K, reserved 425984K
}
Event: 92.830 GC heap after
{Heap after GC invocations=76 (full 0):
 garbage-first heap   total 455680K, used 295418K [0x0000000080000000, 0x0000000100000000)
  region size 1024K, 11 young (11264K), 11 survivors (11264K)
 Metaspace       used 112719K, committed 114432K, reserved 557056K
  class space    used 15762K, committed 16512K, reserved 425984K
}
Event: 95.786 GC heap before
{Heap before GC invocations=76 (full 0):
 garbage-first heap   total 455680K, used 373242K [0x0000000080000000, 0x0000000100000000)
  region size 1024K, 87 young (89088K), 11 survivors (11264K)
 Metaspace       used 112938K, committed 114752K, reserved 557056K
  class space    used 15787K, committed 16576K, reserved 425984K
}
Event: 95.813 GC heap after
{Heap after GC invocations=77 (full 0):
 garbage-first heap   total 455680K, used 302568K [0x0000000080000000, 0x0000000100000000)
  region size 1024K, 8 young (8192K), 8 survivors (8192K)
 Metaspace       used 112938K, committed 114752K, reserved 557056K
  class space    used 15787K, committed 16576K, reserved 425984K
}
Event: 97.718 GC heap before
{Heap before GC invocations=77 (full 0):
 garbage-first heap   total 455680K, used 378344K [0x0000000080000000, 0x0000000100000000)
  region size 1024K, 82 young (83968K), 8 survivors (8192K)
 Metaspace       used 113301K, committed 115200K, reserved 557056K
  class space    used 15826K, committed 16640K, reserved 425984K
}
Event: 97.755 GC heap after
{Heap after GC invocations=78 (full 0):
 garbage-first heap   total 455680K, used 311789K [0x0000000080000000, 0x0000000100000000)
  region size 1024K, 9 young (9216K), 9 survivors (9216K)
 Metaspace       used 113301K, committed 115200K, reserved 557056K
  class space    used 15826K, committed 16640K, reserved 425984K
}
Event: 98.618 GC heap before
{Heap before GC invocations=78 (full 0):
 garbage-first heap   total 455680K, used 380397K [0x0000000080000000, 0x0000000100000000)
  region size 1024K, 77 young (78848K), 9 survivors (9216K)
 Metaspace       used 113442K, committed 115328K, reserved 557056K
  class space    used 15844K, committed 16640K, reserved 425984K
}
Event: 98.636 GC heap after
{Heap after GC invocations=79 (full 0):
 garbage-first heap   total 455680K, used 316127K [0x0000000080000000, 0x0000000100000000)
  region size 1024K, 4 young (4096K), 4 survivors (4096K)
 Metaspace       used 113442K, committed 115328K, reserved 557056K
  class space    used 15844K, committed 16640K, reserved 425984K
}
Event: 100.085 GC heap before
{Heap before GC invocations=79 (full 0):
 garbage-first heap   total 455680K, used 385759K [0x0000000080000000, 0x0000000100000000)
  region size 1024K, 72 young (73728K), 4 survivors (4096K)
 Metaspace       used 113790K, committed 115648K, reserved 557056K
  class space    used 15889K, committed 16704K, reserved 425984K
}
Event: 100.099 GC heap after
{Heap after GC invocations=80 (full 0):
 garbage-first heap   total 455680K, used 319174K [0x0000000080000000, 0x0000000100000000)
  region size 1024K, 7 young (7168K), 7 survivors (7168K)
 Metaspace       used 113790K, committed 115648K, reserved 557056K
  class space    used 15889K, committed 16704K, reserved 425984K
}
Event: 100.716 GC heap before
{Heap before GC invocations=80 (full 0):
 garbage-first heap   total 455680K, used 386758K [0x0000000080000000, 0x0000000100000000)
  region size 1024K, 73 young (74752K), 7 survivors (7168K)
 Metaspace       used 113790K, committed 115648K, reserved 557056K
  class space    used 15889K, committed 16704K, reserved 425984K
}
Event: 100.726 GC heap after
{Heap after GC invocations=81 (full 0):
 garbage-first heap   total 455680K, used 320976K [0x0000000080000000, 0x0000000100000000)
  region size 1024K, 4 young (4096K), 4 survivors (4096K)
 Metaspace       used 113790K, committed 115648K, reserved 557056K
  class space    used 15889K, committed 16704K, reserved 425984K
}
Event: 101.250 GC heap before
{Heap before GC invocations=81 (full 0):
 garbage-first heap   total 455680K, used 389584K [0x0000000080000000, 0x0000000100000000)
  region size 1024K, 71 young (72704K), 4 survivors (4096K)
 Metaspace       used 113790K, committed 115648K, reserved 557056K
  class space    used 15889K, committed 16704K, reserved 425984K
}
Event: 101.258 GC heap after
{Heap after GC invocations=82 (full 0):
 garbage-first heap   total 455680K, used 322433K [0x0000000080000000, 0x0000000100000000)
  region size 1024K, 6 young (6144K), 6 survivors (6144K)
 Metaspace       used 113790K, committed 115648K, reserved 557056K
  class space    used 15889K, committed 16704K, reserved 425984K
}
Event: 101.822 GC heap before
{Heap before GC invocations=82 (full 0):
 garbage-first heap   total 455680K, used 391041K [0x0000000080000000, 0x0000000100000000)
  region size 1024K, 73 young (74752K), 6 survivors (6144K)
 Metaspace       used 113790K, committed 115648K, reserved 557056K
  class space    used 15889K, committed 16704K, reserved 425984K
}
Event: 101.830 GC heap after
{Heap after GC invocations=83 (full 0):
 garbage-first heap   total 455680K, used 324552K [0x0000000080000000, 0x0000000100000000)
  region size 1024K, 6 young (6144K), 6 survivors (6144K)
 Metaspace       used 113790K, committed 115648K, reserved 557056K
  class space    used 15889K, committed 16704K, reserved 425984K
}
Event: 103.024 GC heap before
{Heap before GC invocations=83 (full 0):
 garbage-first heap   total 455680K, used 392136K [0x0000000080000000, 0x0000000100000000)
  region size 1024K, 73 young (74752K), 6 survivors (6144K)
 Metaspace       used 113938K, committed 115840K, reserved 557056K
  class space    used 15899K, committed 16704K, reserved 425984K
}
Event: 103.033 GC heap after
{Heap after GC invocations=84 (full 0):
 garbage-first heap   total 455680K, used 327076K [0x0000000080000000, 0x0000000100000000)
  region size 1024K, 7 young (7168K), 7 survivors (7168K)
 Metaspace       used 113938K, committed 115840K, reserved 557056K
  class space    used 15899K, committed 16704K, reserved 425984K
}
Event: 104.392 GC heap before
{Heap before GC invocations=84 (full 0):
 garbage-first heap   total 455680K, used 392612K [0x0000000080000000, 0x0000000100000000)
  region size 1024K, 72 young (73728K), 7 survivors (7168K)
 Metaspace       used 114071K, committed 115968K, reserved 557056K
  class space    used 15904K, committed 16768K, reserved 425984K
}
Event: 104.403 GC heap after
{Heap after GC invocations=85 (full 0):
 garbage-first heap   total 455680K, used 329847K [0x0000000080000000, 0x0000000100000000)
  region size 1024K, 8 young (8192K), 8 survivors (8192K)
 Metaspace       used 114071K, committed 115968K, reserved 557056K
  class space    used 15904K, committed 16768K, reserved 425984K
}

